c:\jimscode\wpiforromi\windows\networktables\networktables\debug\vc141.pdb
c:\jimscode\wpiforromi\windows\networktables\networktables\debug\convertutfwrapper.obj
c:\jimscode\wpiforromi\windows\networktables\networktables\debug\convertutf.obj
c:\jimscode\wpiforromi\windows\networktables\networktables\debug\wireencoder.obj
c:\jimscode\wpiforromi\windows\networktables\networktables\debug\wiredecoder.obj
c:\jimscode\wpiforromi\windows\networktables\networktables\debug\value.obj
c:\jimscode\wpiforromi\windows\networktables\networktables\debug\tablekeynotdefinedexception.obj
c:\jimscode\wpiforromi\windows\networktables\networktables\debug\itablelistener.obj
c:\jimscode\wpiforromi\windows\networktables\networktables\debug\storage.obj
c:\jimscode\wpiforromi\windows\networktables\networktables\debug\sequencenumber.obj
c:\jimscode\wpiforromi\windows\networktables\networktables\debug\rpcserver.obj
c:\jimscode\wpiforromi\windows\networktables\networktables\debug\ntcore_test.obj
c:\jimscode\wpiforromi\windows\networktables\networktables\debug\ntcore_cpp.obj
c:\jimscode\wpiforromi\windows\networktables\networktables\debug\ntcore_c.obj
c:\jimscode\wpiforromi\windows\networktables\networktables\debug\notifier.obj
c:\jimscode\wpiforromi\windows\networktables\networktables\debug\networktable.obj
c:\jimscode\wpiforromi\windows\networktables\networktables\debug\networkconnection.obj
c:\jimscode\wpiforromi\windows\networktables\networktables\debug\message.obj
c:\jimscode\wpiforromi\windows\networktables\networktables\debug\log.obj
c:\jimscode\wpiforromi\windows\networktables\networktables\debug\dsclient.obj
c:\jimscode\wpiforromi\windows\networktables\networktables\debug\dispatcher.obj
c:\jimscode\wpiforromi\windows\networktables\networktables\debug\tcpstream.obj
c:\jimscode\wpiforromi\windows\networktables\networktables\debug\tcpconnector.obj
c:\jimscode\wpiforromi\windows\networktables\networktables\debug\tcpacceptor.obj
c:\jimscode\wpiforromi\windows\networktables\networktables\debug\socketerror.obj
c:\jimscode\wpiforromi\windows\networktables\networktables\debug\timestamp.obj
c:\jimscode\wpiforromi\windows\networktables\networktables\debug\raw_socket_ostream.obj
c:\jimscode\wpiforromi\windows\networktables\networktables\debug\raw_socket_istream.obj
c:\jimscode\wpiforromi\windows\networktables\networktables\debug\raw_istream.obj
c:\jimscode\wpiforromi\windows\networktables\networktables\debug\leb128.obj
c:\jimscode\wpiforromi\windows\networktables\networktables\debug\base64.obj
c:\jimscode\wpiforromi\windows\networktables\networktables\debug\stringref.obj
c:\jimscode\wpiforromi\windows\networktables\networktables\debug\stringmap.obj
c:\jimscode\wpiforromi\windows\networktables\networktables\debug\stringextras.obj
c:\jimscode\wpiforromi\windows\networktables\networktables\debug\smallvector.obj
c:\jimscode\wpiforromi\windows\networktables\networktables\debug\smallptrset.obj
c:\jimscode\wpiforromi\windows\networktables\networktables\debug\raw_os_ostream.obj
c:\jimscode\wpiforromi\windows\networktables\networktables\debug\raw_ostream.obj
c:\jimscode\wpiforromi\windows\networktables\networktables\debug\hashing.obj
c:\jimscode\wpiforromi\windows\networktables\networktables\debug\errorhandling.obj
c:\jimscode\wpiforromi\windows\networktables\debug\networktables.dll
c:\jimscode\wpiforromi\windows\networktables\debug\networktables.pdb
c:\jimscode\wpiforromi\windows\networktables\debug\networktables.lib
c:\jimscode\wpiforromi\windows\networktables\debug\networktables.exp
c:\jimscode\wpiforromi\windows\networktables\debug\networktables.ipdb
c:\jimscode\wpiforromi\windows\networktables\debug\networktables.iobj
c:\jimscode\wpiforromi\windows\networktables\networktables\debug\networktables.tlog\cl.command.1.tlog
c:\jimscode\wpiforromi\windows\networktables\networktables\debug\networktables.tlog\cl.read.1.tlog
c:\jimscode\wpiforromi\windows\networktables\networktables\debug\networktables.tlog\cl.write.1.tlog
c:\jimscode\wpiforromi\windows\networktables\networktables\debug\networktables.tlog\link.command.1.tlog
c:\jimscode\wpiforromi\windows\networktables\networktables\debug\networktables.tlog\link.read.1.tlog
c:\jimscode\wpiforromi\windows\networktables\networktables\debug\networktables.tlog\link.write.1.tlog
c:\jimscode\wpiforromi\windows\networktables\networktables\debug\networktables.tlog\networktables.write.1u.tlog
