C:\Program Files (x86)\Microsoft Visual Studio\2017\Community\Common7\IDE\VC\VCTargets\Microsoft.CppBuild.targets(937,5): warning MSB8027: Two or more files with the name of NetworkTable.cpp will produce outputs to the same location. This can lead to an incorrect build result.  The files involved are ..\NTCore\src\networktables\NetworkTable.cpp, NetworkTable.cpp.
  Dispatcher.cpp
c:\jimscode\wpiforromi\windows\networktables\ntcore\src\Dispatcher.h(20): fatal error C1083: Cannot open include file: 'llvm/StringRef.h': No such file or directory
  DsClient.cpp
c:\jimscode\wpiforromi\windows\networktables\ntcore\src\DsClient.h(11): fatal error C1083: Cannot open include file: 'support/atomic_static.h': No such file or directory
  Log.cpp
c:\jimscode\wpiforromi\windows\networktables\ntcore\src\Log.h(11): fatal error C1083: Cannot open include file: 'support/atomic_static.h': No such file or directory
  Message.cpp
c:\jimscode\wpiforromi\windows\networktables\ntcore\src\Message.h(15): fatal error C1083: Cannot open include file: 'nt_Value.h': No such file or directory
  NetworkConnection.cpp
c:\jimscode\wpiforromi\windows\networktables\ntcore\src\NetworkConnection.h(16): fatal error C1083: Cannot open include file: 'support/ConcurrentQueue.h': No such file or directory
  NetworkTable.cpp
..\NTCore\src\networktables\NetworkTable.cpp(1): fatal error C1083: Cannot open include file: 'networktables/NetworkTable.h': No such file or directory
  Notifier.cpp
c:\jimscode\wpiforromi\windows\networktables\ntcore\src\Notifier.h(13): fatal error C1083: Cannot open include file: 'support/atomic_static.h': No such file or directory
  ntcore_c.cpp
..\NTCore\src\ntcore_c.cpp(8): fatal error C1083: Cannot open include file: 'ntcore.h': No such file or directory
  ntcore_cpp.cpp
..\NTCore\src\ntcore_cpp.cpp(8): fatal error C1083: Cannot open include file: 'ntcore.h': No such file or directory
  ntcore_test.cpp
..\NTCore\src\ntcore_test.cpp(8): fatal error C1083: Cannot open include file: 'ntcore_test.h': No such file or directory
  RpcServer.cpp
c:\jimscode\wpiforromi\windows\networktables\ntcore\src\RpcServer.h(17): fatal error C1083: Cannot open include file: 'llvm/DenseMap.h': No such file or directory
  SequenceNumber.cpp
  Storage.cpp
c:\jimscode\wpiforromi\windows\networktables\ntcore\src\Storage.h(20): fatal error C1083: Cannot open include file: 'llvm/DenseMap.h': No such file or directory
  ITableListener.cpp
..\NTCore\src\tables\ITableListener.cpp(1): fatal error C1083: Cannot open include file: 'tables/ITableListener.h': No such file or directory
  TableKeyNotDefinedException.cpp
..\NTCore\src\tables\TableKeyNotDefinedException.cpp(8): fatal error C1083: Cannot open include file: 'tables/TableKeyNotDefinedException.h': No such file or directory
  Value.cpp
..\NTCore\src\Value.cpp(8): fatal error C1083: Cannot open include file: 'nt_Value.h': No such file or directory
  WireDecoder.cpp
c:\jimscode\wpiforromi\windows\networktables\ntcore\src\WireDecoder.h(13): fatal error C1083: Cannot open include file: 'nt_Value.h': No such file or directory
  WireEncoder.cpp
c:\jimscode\wpiforromi\windows\networktables\ntcore\src\WireEncoder.h(14): fatal error C1083: Cannot open include file: 'llvm/SmallVector.h': No such file or directory
  ConvertUTF.cpp
..\NTCore\wpiutil\src\llvm\ConvertUTF.cpp(50): fatal error C1083: Cannot open include file: 'llvm/ConvertUTF.h': No such file or directory
  ConvertUTFWrapper.cpp
..\NTCore\wpiutil\src\llvm\ConvertUTFWrapper.cpp(10): fatal error C1083: Cannot open include file: 'llvm/ConvertUTF.h': No such file or directory
  Compiling...
  ErrorHandling.cpp
..\NTCore\wpiutil\src\llvm\ErrorHandling.cpp(15): fatal error C1083: Cannot open include file: 'llvm/WindowsError.h': No such file or directory
  Hashing.cpp
..\NTCore\wpiutil\src\llvm\Hashing.cpp(16): fatal error C1083: Cannot open include file: 'llvm/Hashing.h': No such file or directory
  raw_ostream.cpp
..\NTCore\wpiutil\src\llvm\raw_ostream.cpp(14): fatal error C1083: Cannot open include file: 'llvm/raw_ostream.h': No such file or directory
  raw_os_ostream.cpp
..\NTCore\wpiutil\src\llvm\raw_os_ostream.cpp(14): fatal error C1083: Cannot open include file: 'llvm/raw_os_ostream.h': No such file or directory
  SmallPtrSet.cpp
..\NTCore\wpiutil\src\llvm\SmallPtrSet.cpp(15): fatal error C1083: Cannot open include file: 'llvm/SmallPtrSet.h': No such file or directory
  SmallVector.cpp
..\NTCore\wpiutil\src\llvm\SmallVector.cpp(14): fatal error C1083: Cannot open include file: 'llvm/SmallVector.h': No such file or directory
  StringExtras.cpp
..\NTCore\wpiutil\src\llvm\StringExtras.cpp(14): fatal error C1083: Cannot open include file: 'llvm/StringExtras.h': No such file or directory
  StringMap.cpp
..\NTCore\wpiutil\src\llvm\StringMap.cpp(14): fatal error C1083: Cannot open include file: 'llvm/StringMap.h': No such file or directory
  StringRef.cpp
..\NTCore\wpiutil\src\llvm\StringRef.cpp(10): fatal error C1083: Cannot open include file: 'llvm/StringRef.h': No such file or directory
  Base64.cpp
..\NTCore\wpiutil\src\support\Base64.cpp(65): fatal error C1083: Cannot open include file: 'support/Base64.h': No such file or directory
  leb128.cpp
..\NTCore\wpiutil\src\support\leb128.cpp(8): fatal error C1083: Cannot open include file: 'support/leb128.h': No such file or directory
  raw_istream.cpp
..\NTCore\wpiutil\src\support\raw_istream.cpp(8): fatal error C1083: Cannot open include file: 'support/raw_istream.h': No such file or directory
  raw_socket_istream.cpp
..\NTCore\wpiutil\src\support\raw_socket_istream.cpp(8): fatal error C1083: Cannot open include file: 'support/raw_socket_istream.h': No such file or directory
  raw_socket_ostream.cpp
..\NTCore\wpiutil\src\support\raw_socket_ostream.cpp(8): fatal error C1083: Cannot open include file: 'support/raw_socket_ostream.h': No such file or directory
  timestamp.cpp
..\NTCore\wpiutil\src\support\timestamp.cpp(7): fatal error C1083: Cannot open include file: 'support/timestamp.h': No such file or directory
  SocketError.cpp
..\NTCore\wpiutil\src\tcpsockets\SocketError.cpp(8): fatal error C1083: Cannot open include file: 'tcpsockets/SocketError.h': No such file or directory
  TCPAcceptor.cpp
..\NTCore\wpiutil\src\tcpsockets\TCPAcceptor.cpp(24): fatal error C1083: Cannot open include file: 'tcpsockets/TCPAcceptor.h': No such file or directory
  TCPConnector.cpp
..\NTCore\wpiutil\src\tcpsockets\TCPConnector.cpp(24): fatal error C1083: Cannot open include file: 'tcpsockets/TCPConnector.h': No such file or directory
  TCPStream.cpp
..\NTCore\wpiutil\src\tcpsockets\TCPStream.cpp(24): fatal error C1083: Cannot open include file: 'tcpsockets/TCPStream.h': No such file or directory
  NetworkTable.cpp
NetworkTable.cpp(6): fatal error C1083: Cannot open include file: 'ntcore.h': No such file or directory
