c:\jimscode\wpiforromi\windows\networktables\networktables\release\vc141.pdb
c:\jimscode\wpiforromi\windows\networktables\networktables\release\convertutfwrapper.obj
c:\jimscode\wpiforromi\windows\networktables\networktables\release\convertutf.obj
c:\jimscode\wpiforromi\windows\networktables\networktables\release\wireencoder.obj
c:\jimscode\wpiforromi\windows\networktables\networktables\release\wiredecoder.obj
c:\jimscode\wpiforromi\windows\networktables\networktables\release\value.obj
c:\jimscode\wpiforromi\windows\networktables\networktables\release\tablekeynotdefinedexception.obj
c:\jimscode\wpiforromi\windows\networktables\networktables\release\itablelistener.obj
c:\jimscode\wpiforromi\windows\networktables\networktables\release\storage.obj
c:\jimscode\wpiforromi\windows\networktables\networktables\release\sequencenumber.obj
c:\jimscode\wpiforromi\windows\networktables\networktables\release\rpcserver.obj
c:\jimscode\wpiforromi\windows\networktables\networktables\release\ntcore_test.obj
c:\jimscode\wpiforromi\windows\networktables\networktables\release\ntcore_cpp.obj
c:\jimscode\wpiforromi\windows\networktables\networktables\release\ntcore_c.obj
c:\jimscode\wpiforromi\windows\networktables\networktables\release\notifier.obj
c:\jimscode\wpiforromi\windows\networktables\networktables\release\networktable.obj
c:\jimscode\wpiforromi\windows\networktables\networktables\release\networkconnection.obj
c:\jimscode\wpiforromi\windows\networktables\networktables\release\message.obj
c:\jimscode\wpiforromi\windows\networktables\networktables\release\log.obj
c:\jimscode\wpiforromi\windows\networktables\networktables\release\dsclient.obj
c:\jimscode\wpiforromi\windows\networktables\networktables\release\dispatcher.obj
c:\jimscode\wpiforromi\windows\networktables\networktables\release\tcpstream.obj
c:\jimscode\wpiforromi\windows\networktables\networktables\release\tcpconnector.obj
c:\jimscode\wpiforromi\windows\networktables\networktables\release\tcpacceptor.obj
c:\jimscode\wpiforromi\windows\networktables\networktables\release\socketerror.obj
c:\jimscode\wpiforromi\windows\networktables\networktables\release\timestamp.obj
c:\jimscode\wpiforromi\windows\networktables\networktables\release\raw_socket_ostream.obj
c:\jimscode\wpiforromi\windows\networktables\networktables\release\raw_socket_istream.obj
c:\jimscode\wpiforromi\windows\networktables\networktables\release\raw_istream.obj
c:\jimscode\wpiforromi\windows\networktables\networktables\release\leb128.obj
c:\jimscode\wpiforromi\windows\networktables\networktables\release\base64.obj
c:\jimscode\wpiforromi\windows\networktables\networktables\release\stringref.obj
c:\jimscode\wpiforromi\windows\networktables\networktables\release\stringmap.obj
c:\jimscode\wpiforromi\windows\networktables\networktables\release\stringextras.obj
c:\jimscode\wpiforromi\windows\networktables\networktables\release\smallvector.obj
c:\jimscode\wpiforromi\windows\networktables\networktables\release\smallptrset.obj
c:\jimscode\wpiforromi\windows\networktables\networktables\release\raw_os_ostream.obj
c:\jimscode\wpiforromi\windows\networktables\networktables\release\raw_ostream.obj
c:\jimscode\wpiforromi\windows\networktables\networktables\release\hashing.obj
c:\jimscode\wpiforromi\windows\networktables\networktables\release\errorhandling.obj
c:\jimscode\wpiforromi\windows\networktables\release\networktables.lib
c:\jimscode\wpiforromi\windows\networktables\release\networktables.exp
c:\jimscode\wpiforromi\windows\networktables\release\networktables.ipdb
c:\jimscode\wpiforromi\windows\networktables\release\networktables.iobj
c:\jimscode\wpiforromi\windows\networktables\release\networktables.pdb
c:\jimscode\wpiforromi\windows\networktables\networktables\release\networktables.tlog\cl.command.1.tlog
c:\jimscode\wpiforromi\windows\networktables\networktables\release\networktables.tlog\cl.read.1.tlog
c:\jimscode\wpiforromi\windows\networktables\networktables\release\networktables.tlog\cl.write.1.tlog
c:\jimscode\wpiforromi\windows\networktables\networktables\release\networktables.tlog\link.command.1.tlog
c:\jimscode\wpiforromi\windows\networktables\networktables\release\networktables.tlog\link.read.1.tlog
c:\jimscode\wpiforromi\windows\networktables\networktables\release\networktables.tlog\link.write.1.tlog
c:\jimscode\wpiforromi\windows\networktables\networktables\release\networktables.tlog\networktables.write.1u.tlog
